<?xml version="1.0" encoding="UTF-8"?>
<testng-results total="2" passed="2" failed="0" skipped="0">
  <reporter-output>
    <line>
      <![CDATA[Application opened]]>
    </line>
    <line>
      <![CDATA[login completed]]>
    </line>
    <line>
      <![CDATA[New emp added]]>
    </line>
    <line>
      <![CDATA[logout completed]]>
    </line>
    <line>
      <![CDATA[Application opened]]>
    </line>
    <line>
      <![CDATA[login completed]]>
    </line>
    <line>
      <![CDATA[logout completed]]>
    </line>
  </reporter-output>
  <suite started-at="2022-03-21T12:42:38Z" name="Suite1" finished-at="2022-03-21T12:44:58Z" duration-ms="139873">
    <groups>
    </groups>
    <test started-at="2022-03-21T12:42:38Z" name="Nopackage" finished-at="2022-03-21T12:44:58Z" duration-ms="139873">
      <class name="hrmstestscript.TC_003">
        <test-method signature="tc003()[pri:0, instance:hrmstestscript.TC_003@4e423aa2]" started-at="2022-03-21T18:14:07Z" name="tc003" finished-at="2022-03-21T18:14:58Z" duration-ms="50442" status="PASS">
          <reporter-output>
            <line>
              <![CDATA[Application opened]]>
            </line>
            <line>
              <![CDATA[login completed]]>
            </line>
            <line>
              <![CDATA[logout completed]]>
            </line>
          </reporter-output>
        </test-method> <!-- tc003 -->
      </class> <!-- hrmstestscript.TC_003 -->
      <class name="hrmstestscript.TC_002">
        <test-method signature="tc002()[pri:0, instance:hrmstestscript.TC_002@56c4278e]" started-at="2022-03-21T18:12:38Z" name="tc002" finished-at="2022-03-21T18:14:07Z" duration-ms="89404" status="PASS">
          <reporter-output>
            <line>
              <![CDATA[Application opened]]>
            </line>
            <line>
              <![CDATA[login completed]]>
            </line>
            <line>
              <![CDATA[New emp added]]>
            </line>
            <line>
              <![CDATA[logout completed]]>
            </line>
          </reporter-output>
        </test-method> <!-- tc002 -->
      </class> <!-- hrmstestscript.TC_002 -->
    </test> <!-- Nopackage -->
  </suite> <!-- Suite1 -->
</testng-results>
